2020-08-27 20:43:39 - Starting C:\Program Files\nodejs\node.exe  --harmony C:\Users\noahb\AppData\Roaming\npm\node_modules\qckwinsvc\node_modules\node-windows\lib\wrapper.js --file C:\Users\noahb\OneDrive\Desktop\BOT\index.js --log "Discord-Bot wrapper" --grow 0.25 --wait 1 --maxrestarts 3 --abortonerror n --stopparentfirst undefined
2020-08-27 20:43:39 - Started 58548
2020-08-31 20:12:02 - Stopping discordbot.exe
2020-08-31 20:12:02 - ProcessKill 58548
2020-08-31 20:12:02 - Shutdown exception
Message:A system shutdown is in progress.

Stacktrace:   at System.Runtime.InteropServices.Marshal.ThrowExceptionForHRInternal(Int32 errorCode, IntPtr errorInfo)
   at System.Management.ManagementScope.InitializeGuts(Object o)
   at System.Management.ManagementScope.Initialize()
   at System.Management.ManagementObjectSearcher.Initialize()
   at System.Management.ManagementObjectSearcher.Get()
   at winsw.WrapperService.GetChildPids(Int32 pid)
   at winsw.WrapperService.StopProcessAndChildren(Int32 pid)
   at winsw.WrapperService.StopIt()
   at winsw.WrapperService.OnShutdown()
2020-08-31 20:12:55 - Starting C:\Program Files\nodejs\node.exe  --harmony C:\Users\noahb\AppData\Roaming\npm\node_modules\qckwinsvc\node_modules\node-windows\lib\wrapper.js --file C:\Users\noahb\OneDrive\Desktop\BOT\index.js --log "Discord-Bot wrapper" --grow 0.25 --wait 1 --maxrestarts 3 --abortonerror n --stopparentfirst undefined
2020-08-31 20:12:55 - Started 5320
2020-09-02 20:54:39 - Starting C:\Program Files\nodejs\node.exe  --harmony C:\Users\noahb\AppData\Roaming\npm\node_modules\qckwinsvc\node_modules\node-windows\lib\wrapper.js --file C:\Users\noahb\OneDrive\Desktop\BOT\index.js --log "Discord-Bot wrapper" --grow 0.25 --wait 1 --maxrestarts 3 --abortonerror n --stopparentfirst undefined
2020-09-02 20:54:39 - Started 3680
2020-09-10 09:54:25 - Starting C:\Program Files\nodejs\node.exe  --harmony C:\Users\noahb\AppData\Roaming\npm\node_modules\qckwinsvc\node_modules\node-windows\lib\wrapper.js --file C:\Users\noahb\OneDrive\Desktop\BOT\index.js --log "Discord-Bot wrapper" --grow 0.25 --wait 1 --maxrestarts 3 --abortonerror n --stopparentfirst undefined
2020-09-10 09:54:25 - Started 5248
2020-09-17 10:24:30 - Starting C:\Program Files\nodejs\node.exe  --harmony C:\Users\noahb\AppData\Roaming\npm\node_modules\qckwinsvc\node_modules\node-windows\lib\wrapper.js --file C:\Users\noahb\OneDrive\Desktop\BOT\index.js --log "Discord-Bot wrapper" --grow 0.25 --wait 1 --maxrestarts 3 --abortonerror n --stopparentfirst undefined
2020-09-17 10:24:30 - Started 4040
2020-09-23 10:40:48 - Starting C:\Program Files\nodejs\node.exe  --harmony C:\Users\noahb\AppData\Roaming\npm\node_modules\qckwinsvc\node_modules\node-windows\lib\wrapper.js --file C:\Users\noahb\OneDrive\Desktop\BOT\index.js --log "Discord-Bot wrapper" --grow 0.25 --wait 1 --maxrestarts 3 --abortonerror n --stopparentfirst undefined
2020-09-23 10:40:48 - Started 5572
2020-10-01 10:21:10 - Starting C:\Program Files\nodejs\node.exe  --harmony C:\Users\noahb\AppData\Roaming\npm\node_modules\qckwinsvc\node_modules\node-windows\lib\wrapper.js --file C:\Users\noahb\OneDrive\Desktop\BOT\index.js --log "Discord-Bot wrapper" --grow 0.25 --wait 1 --maxrestarts 3 --abortonerror n --stopparentfirst undefined
2020-10-01 10:21:10 - Started 5300
2020-10-07 10:50:54 - Starting C:\Program Files\nodejs\node.exe  --harmony C:\Users\noahb\AppData\Roaming\npm\node_modules\qckwinsvc\node_modules\node-windows\lib\wrapper.js --file C:\Users\noahb\OneDrive\Desktop\BOT\index.js --log "Discord-Bot wrapper" --grow 0.25 --wait 1 --maxrestarts 3 --abortonerror n --stopparentfirst undefined
2020-10-07 10:50:54 - Started 5328
2020-10-16 10:41:48 - Starting C:\Program Files\nodejs\node.exe  --harmony C:\Users\noahb\AppData\Roaming\npm\node_modules\qckwinsvc\node_modules\node-windows\lib\wrapper.js --file C:\Users\noahb\OneDrive\Desktop\BOT\index.js --log "Discord-Bot wrapper" --grow 0.25 --wait 1 --maxrestarts 3 --abortonerror n --stopparentfirst undefined
2020-10-16 10:41:48 - Started 5560
2020-10-19 18:38:26 - Starting C:\Program Files\nodejs\node.exe  --harmony C:\Users\noahb\AppData\Roaming\npm\node_modules\qckwinsvc\node_modules\node-windows\lib\wrapper.js --file C:\Users\noahb\OneDrive\Desktop\BOT\index.js --log "Discord-Bot wrapper" --grow 0.25 --wait 1 --maxrestarts 3 --abortonerror n --stopparentfirst undefined
2020-10-19 18:38:26 - Started 5504
2020-10-19 19:01:35 - Starting C:\Program Files\nodejs\node.exe  --harmony C:\Users\noahb\AppData\Roaming\npm\node_modules\qckwinsvc\node_modules\node-windows\lib\wrapper.js --file C:\Users\noahb\OneDrive\Desktop\BOT\index.js --log "Discord-Bot wrapper" --grow 0.25 --wait 1 --maxrestarts 3 --abortonerror n --stopparentfirst undefined
2020-10-19 19:01:35 - Started 5532
2020-10-22 11:53:31 - Starting C:\Program Files\nodejs\node.exe  --harmony C:\Users\noahb\AppData\Roaming\npm\node_modules\qckwinsvc\node_modules\node-windows\lib\wrapper.js --file C:\Users\noahb\OneDrive\Desktop\BOT\index.js --log "Discord-Bot wrapper" --grow 0.25 --wait 1 --maxrestarts 3 --abortonerror n --stopparentfirst undefined
2020-10-22 11:53:31 - Started 5576
2020-10-24 11:26:58 - Starting C:\Program Files\nodejs\node.exe  --harmony C:\Users\noahb\AppData\Roaming\npm\node_modules\qckwinsvc\node_modules\node-windows\lib\wrapper.js --file C:\Users\noahb\OneDrive\Desktop\BOT\index.js --log "Discord-Bot wrapper" --grow 0.25 --wait 1 --maxrestarts 3 --abortonerror n --stopparentfirst undefined
2020-10-24 11:26:58 - Started 5328
2020-11-10 12:18:21 - Starting C:\Program Files\nodejs\node.exe  --harmony C:\Users\noahb\AppData\Roaming\npm\node_modules\qckwinsvc\node_modules\node-windows\lib\wrapper.js --file C:\Users\noahb\OneDrive\Desktop\BOT\index.js --log "Discord-Bot wrapper" --grow 0.25 --wait 1 --maxrestarts 3 --abortonerror n --stopparentfirst undefined
2020-11-10 12:18:21 - Started 5520
2020-11-12 10:50:38 - Starting C:\Program Files\nodejs\node.exe  --harmony C:\Users\noahb\AppData\Roaming\npm\node_modules\qckwinsvc\node_modules\node-windows\lib\wrapper.js --file C:\Users\noahb\OneDrive\Desktop\BOT\index.js --log "Discord-Bot wrapper" --grow 0.25 --wait 1 --maxrestarts 3 --abortonerror n --stopparentfirst undefined
2020-11-12 10:50:38 - Started 5616
2020-11-18 15:59:34 - Starting C:\Program Files\nodejs\node.exe  --harmony C:\Users\noahb\AppData\Roaming\npm\node_modules\qckwinsvc\node_modules\node-windows\lib\wrapper.js --file C:\Users\noahb\OneDrive\Desktop\BOT\index.js --log "Discord-Bot wrapper" --grow 0.25 --wait 1 --maxrestarts 3 --abortonerror n --stopparentfirst undefined
2020-11-18 15:59:34 - Started 6620
2020-11-19 10:41:34 - Starting C:\Program Files\nodejs\node.exe  --harmony C:\Users\noahb\AppData\Roaming\npm\node_modules\qckwinsvc\node_modules\node-windows\lib\wrapper.js --file C:\Users\noahb\OneDrive\Desktop\BOT\index.js --log "Discord-Bot wrapper" --grow 0.25 --wait 1 --maxrestarts 3 --abortonerror n --stopparentfirst undefined
2020-11-19 10:41:34 - Started 5548
2020-12-05 13:10:04 - Starting C:\Program Files\nodejs\node.exe  --harmony C:\Users\noahb\AppData\Roaming\npm\node_modules\qckwinsvc\node_modules\node-windows\lib\wrapper.js --file C:\Users\noahb\OneDrive\Desktop\BOT\index.js --log "Discord-Bot wrapper" --grow 0.25 --wait 1 --maxrestarts 3 --abortonerror n --stopparentfirst undefined
2020-12-05 13:10:04 - Started 5424
2020-12-10 11:30:53 - Starting C:\Program Files\nodejs\node.exe  --harmony C:\Users\noahb\AppData\Roaming\npm\node_modules\qckwinsvc\node_modules\node-windows\lib\wrapper.js --file C:\Users\noahb\OneDrive\Desktop\BOT\index.js --log "Discord-Bot wrapper" --grow 0.25 --wait 1 --maxrestarts 3 --abortonerror n --stopparentfirst undefined
2020-12-10 11:30:53 - Started 5464
2020-12-13 21:22:55 - Starting C:\Program Files\nodejs\node.exe  --harmony C:\Users\noahb\AppData\Roaming\npm\node_modules\qckwinsvc\node_modules\node-windows\lib\wrapper.js --file C:\Users\noahb\OneDrive\Desktop\BOT\index.js --log "Discord-Bot wrapper" --grow 0.25 --wait 1 --maxrestarts 3 --abortonerror n --stopparentfirst undefined
2020-12-13 21:22:55 - Started 5440
2020-12-18 11:49:43 - Starting C:\Program Files\nodejs\node.exe  --harmony C:\Users\noahb\AppData\Roaming\npm\node_modules\qckwinsvc\node_modules\node-windows\lib\wrapper.js --file C:\Users\noahb\OneDrive\Desktop\BOT\index.js --log "Discord-Bot wrapper" --grow 0.25 --wait 1 --maxrestarts 3 --abortonerror n --stopparentfirst undefined
2020-12-18 11:49:43 - Started 5320
2020-12-19 11:31:04 - Starting C:\Program Files\nodejs\node.exe  --harmony C:\Users\noahb\AppData\Roaming\npm\node_modules\qckwinsvc\node_modules\node-windows\lib\wrapper.js --file C:\Users\noahb\OneDrive\Desktop\BOT\index.js --log "Discord-Bot wrapper" --grow 0.25 --wait 1 --maxrestarts 3 --abortonerror n --stopparentfirst undefined
2020-12-19 11:31:04 - Started 5608
2020-12-20 11:41:56 - Starting C:\Program Files\nodejs\node.exe  --harmony C:\Users\noahb\AppData\Roaming\npm\node_modules\qckwinsvc\node_modules\node-windows\lib\wrapper.js --file C:\Users\noahb\OneDrive\Desktop\BOT\index.js --log "Discord-Bot wrapper" --grow 0.25 --wait 1 --maxrestarts 3 --abortonerror n --stopparentfirst undefined
2020-12-20 11:41:56 - Started 5360
2020-12-20 17:48:06 - Starting C:\Program Files\nodejs\node.exe  --harmony C:\Users\noahb\AppData\Roaming\npm\node_modules\qckwinsvc\node_modules\node-windows\lib\wrapper.js --file C:\Users\noahb\OneDrive\Desktop\BOT\index.js --log "Discord-Bot wrapper" --grow 0.25 --wait 1 --maxrestarts 3 --abortonerror n --stopparentfirst undefined
2020-12-20 17:48:06 - Started 5564
2020-12-20 20:31:59 - Starting C:\Program Files\nodejs\node.exe  --harmony C:\Users\noahb\AppData\Roaming\npm\node_modules\qckwinsvc\node_modules\node-windows\lib\wrapper.js --file C:\Users\noahb\OneDrive\Desktop\BOT\index.js --log "Discord-Bot wrapper" --grow 0.25 --wait 1 --maxrestarts 3 --abortonerror n --stopparentfirst undefined
2020-12-20 20:31:59 - Started 5660
2020-12-23 11:17:41 - Starting C:\Program Files\nodejs\node.exe  --harmony C:\Users\noahb\AppData\Roaming\npm\node_modules\qckwinsvc\node_modules\node-windows\lib\wrapper.js --file C:\Users\noahb\OneDrive\Desktop\BOT\index.js --log "Discord-Bot wrapper" --grow 0.25 --wait 1 --maxrestarts 3 --abortonerror n --stopparentfirst undefined
2020-12-23 11:17:41 - Started 5656
2020-12-24 11:48:57 - Starting C:\Program Files\nodejs\node.exe  --harmony C:\Users\noahb\AppData\Roaming\npm\node_modules\qckwinsvc\node_modules\node-windows\lib\wrapper.js --file C:\Users\noahb\OneDrive\Desktop\BOT\index.js --log "Discord-Bot wrapper" --grow 0.25 --wait 1 --maxrestarts 3 --abortonerror n --stopparentfirst undefined
2020-12-24 11:48:57 - Started 5592
2020-12-26 22:42:16 - Starting C:\Program Files\nodejs\node.exe  --harmony C:\Users\noahb\AppData\Roaming\npm\node_modules\qckwinsvc\node_modules\node-windows\lib\wrapper.js --file C:\Users\noahb\OneDrive\Desktop\BOT\index.js --log "Discord-Bot wrapper" --grow 0.25 --wait 1 --maxrestarts 3 --abortonerror n --stopparentfirst undefined
2020-12-26 22:42:16 - Started 5812
2021-01-12 12:22:15 - Starting C:\Program Files\nodejs\node.exe  --harmony C:\Users\noahb\AppData\Roaming\npm\node_modules\qckwinsvc\node_modules\node-windows\lib\wrapper.js --file C:\Users\noahb\OneDrive\Desktop\BOT\index.js --log "Discord-Bot wrapper" --grow 0.25 --wait 1 --maxrestarts 3 --abortonerror n --stopparentfirst undefined
2021-01-12 12:22:15 - Started 5372
2021-01-13 09:43:19 - Starting C:\Program Files\nodejs\node.exe  --harmony C:\Users\noahb\AppData\Roaming\npm\node_modules\qckwinsvc\node_modules\node-windows\lib\wrapper.js --file C:\Users\noahb\OneDrive\Desktop\BOT\index.js --log "Discord-Bot wrapper" --grow 0.25 --wait 1 --maxrestarts 3 --abortonerror n --stopparentfirst undefined
2021-01-13 09:43:19 - Started 5600
2021-01-14 11:58:27 - Starting C:\Program Files\nodejs\node.exe  --harmony C:\Users\noahb\AppData\Roaming\npm\node_modules\qckwinsvc\node_modules\node-windows\lib\wrapper.js --file C:\Users\noahb\OneDrive\Desktop\BOT\index.js --log "Discord-Bot wrapper" --grow 0.25 --wait 1 --maxrestarts 3 --abortonerror n --stopparentfirst undefined
2021-01-14 11:58:28 - Started 5504
2021-02-03 10:40:20 - Starting C:\Program Files\nodejs\node.exe  --harmony C:\Users\noahb\AppData\Roaming\npm\node_modules\qckwinsvc\node_modules\node-windows\lib\wrapper.js --file C:\Users\noahb\OneDrive\Desktop\BOT\index.js --log "Discord-Bot wrapper" --grow 0.25 --wait 1 --maxrestarts 3 --abortonerror n --stopparentfirst undefined
2021-02-03 10:40:20 - Started 5496
2021-02-13 11:26:46 - Starting C:\Program Files\nodejs\node.exe  --harmony C:\Users\noahb\AppData\Roaming\npm\node_modules\qckwinsvc\node_modules\node-windows\lib\wrapper.js --file C:\Users\noahb\OneDrive\Desktop\BOT\index.js --log "Discord-Bot wrapper" --grow 0.25 --wait 1 --maxrestarts 3 --abortonerror n --stopparentfirst undefined
2021-02-13 11:26:46 - Started 5768
2021-02-14 11:28:32 - Starting C:\Program Files\nodejs\node.exe  --harmony C:\Users\noahb\AppData\Roaming\npm\node_modules\qckwinsvc\node_modules\node-windows\lib\wrapper.js --file C:\Users\noahb\OneDrive\Desktop\BOT\index.js --log "Discord-Bot wrapper" --grow 0.25 --wait 1 --maxrestarts 3 --abortonerror n --stopparentfirst undefined
2021-02-14 11:28:33 - Started 5612
2021-02-26 11:12:48 - Starting C:\Program Files\nodejs\node.exe  --harmony C:\Users\noahb\AppData\Roaming\npm\node_modules\qckwinsvc\node_modules\node-windows\lib\wrapper.js --file C:\Users\noahb\OneDrive\Desktop\BOT\index.js --log "Discord-Bot wrapper" --grow 0.25 --wait 1 --maxrestarts 3 --abortonerror n --stopparentfirst undefined
2021-02-26 11:12:48 - Started 5580
2021-03-06 11:05:13 - Starting C:\Program Files\nodejs\node.exe  --harmony C:\Users\noahb\AppData\Roaming\npm\node_modules\qckwinsvc\node_modules\node-windows\lib\wrapper.js --file C:\Users\noahb\OneDrive\Desktop\BOT\index.js --log "Discord-Bot wrapper" --grow 0.25 --wait 1 --maxrestarts 3 --abortonerror n --stopparentfirst undefined
2021-03-06 11:05:13 - Started 5700
2021-03-07 13:42:59 - Starting C:\Program Files\nodejs\node.exe  --harmony C:\Users\noahb\AppData\Roaming\npm\node_modules\qckwinsvc\node_modules\node-windows\lib\wrapper.js --file C:\Users\noahb\OneDrive\Desktop\BOT\index.js --log "Discord-Bot wrapper" --grow 0.25 --wait 1 --maxrestarts 3 --abortonerror n --stopparentfirst undefined
2021-03-07 13:42:59 - Started 5528
2021-03-08 10:53:57 - Starting C:\Program Files\nodejs\node.exe  --harmony C:\Users\noahb\AppData\Roaming\npm\node_modules\qckwinsvc\node_modules\node-windows\lib\wrapper.js --file C:\Users\noahb\OneDrive\Desktop\BOT\index.js --log "Discord-Bot wrapper" --grow 0.25 --wait 1 --maxrestarts 3 --abortonerror n --stopparentfirst undefined
2021-03-08 10:53:57 - Started 5488
2021-03-13 11:42:11 - Starting C:\Program Files\nodejs\node.exe  --harmony C:\Users\noahb\AppData\Roaming\npm\node_modules\qckwinsvc\node_modules\node-windows\lib\wrapper.js --file C:\Users\noahb\OneDrive\Desktop\BOT\index.js --log "Discord-Bot wrapper" --grow 0.25 --wait 1 --maxrestarts 3 --abortonerror n --stopparentfirst undefined
2021-03-13 11:42:11 - Started 5768
2021-04-08 18:20:52 - Starting C:\Program Files\nodejs\node.exe  --harmony C:\Users\noahb\AppData\Roaming\npm\node_modules\qckwinsvc\node_modules\node-windows\lib\wrapper.js --file C:\Users\noahb\OneDrive\Desktop\BOT\index.js --log "Discord-Bot wrapper" --grow 0.25 --wait 1 --maxrestarts 3 --abortonerror n --stopparentfirst undefined
2021-04-08 18:20:52 - Started 6476
2021-04-16 11:20:54 - Starting C:\Program Files\nodejs\node.exe  --harmony C:\Users\noahb\AppData\Roaming\npm\node_modules\qckwinsvc\node_modules\node-windows\lib\wrapper.js --file C:\Users\noahb\OneDrive\Desktop\BOT\index.js --log "Discord-Bot wrapper" --grow 0.25 --wait 1 --maxrestarts 3 --abortonerror n --stopparentfirst undefined
2021-04-16 11:20:54 - Started 5696
2021-05-09 18:42:30 - Starting C:\Program Files\nodejs\node.exe  --harmony C:\Users\noahb\AppData\Roaming\npm\node_modules\qckwinsvc\node_modules\node-windows\lib\wrapper.js --file C:\Users\noahb\OneDrive\Desktop\BOT\index.js --log "Discord-Bot wrapper" --grow 0.25 --wait 1 --maxrestarts 3 --abortonerror n --stopparentfirst undefined
2021-05-09 18:42:30 - Started 5476
2021-05-13 15:24:48 - Starting C:\Program Files\nodejs\node.exe  --harmony C:\Users\noahb\AppData\Roaming\npm\node_modules\qckwinsvc\node_modules\node-windows\lib\wrapper.js --file C:\Users\noahb\OneDrive\Desktop\BOT\index.js --log "Discord-Bot wrapper" --grow 0.25 --wait 1 --maxrestarts 3 --abortonerror n --stopparentfirst undefined
2021-05-13 15:24:48 - Started 5808
2021-05-21 15:04:47 - Starting C:\Program Files\nodejs\node.exe  --harmony C:\Users\noahb\AppData\Roaming\npm\node_modules\qckwinsvc\node_modules\node-windows\lib\wrapper.js --file C:\Users\noahb\OneDrive\Desktop\BOT\index.js --log "Discord-Bot wrapper" --grow 0.25 --wait 1 --maxrestarts 3 --abortonerror n --stopparentfirst undefined
2021-05-21 15:04:47 - Started 5448
2021-05-23 19:04:54 - Starting C:\Program Files\nodejs\node.exe  --harmony C:\Users\noahb\AppData\Roaming\npm\node_modules\qckwinsvc\node_modules\node-windows\lib\wrapper.js --file C:\Users\noahb\OneDrive\Desktop\BOT\index.js --log "Discord-Bot wrapper" --grow 0.25 --wait 1 --maxrestarts 3 --abortonerror n --stopparentfirst undefined
2021-05-23 19:04:54 - Started 5808
